18916> 2022-10-19 22:29:45> Program: Starting Squirrel Updater: --install .
18916> 2022-10-19 22:29:45> Program: Starting install, writing to C:\Users\Owner\AppData\Local\SquirrelTemp
18916> 2022-10-19 22:29:45> Program: About to install to: C:\Users\Owner\AppData\Local\Discord
18916> 2022-10-19 22:29:45> SingleGlobalInstance: Grabbing lockfile with timeout of 00:00:10
18916> 2022-10-19 22:29:45> CheckForUpdateImpl: Reading RELEASES file from C:\Users\Owner\AppData\Local\SquirrelTemp
18916> 2022-10-19 22:29:45> CheckForUpdateImpl: Remote version 1.0.9006 differs from local 
18916> 2022-10-19 22:29:45> CheckForUpdateImpl: First run or local directory is corrupt, starting from scratch
18916> 2022-10-19 22:29:45> ApplyReleasesImpl: Writing files to app directory: C:\Users\Owner\AppData\Local\Discord\app-1.0.9006
18916> 2022-10-19 22:29:47> ApplyReleasesImpl: Moving file C:\Users\Owner\AppData\Local\Discord\app-1.0.9006\lib\net45\d3dcompiler_47.dll to C:\Users\Owner\AppData\Local\Discord\app-1.0.9006\d3dcompiler_47.dll
18916> 2022-10-19 22:29:47> ApplyReleasesImpl: Moving file C:\Users\Owner\AppData\Local\Discord\app-1.0.9006\lib\net45\chrome_100_percent.pak to C:\Users\Owner\AppData\Local\Discord\app-1.0.9006\chrome_100_percent.pak
18916> 2022-10-19 22:29:47> ApplyReleasesImpl: Moving file C:\Users\Owner\AppData\Local\Discord\app-1.0.9006\lib\net45\chrome_200_percent.pak to C:\Users\Owner\AppData\Local\Discord\app-1.0.9006\chrome_200_percent.pak
18916> 2022-10-19 22:29:47> ApplyReleasesImpl: Moving file C:\Users\Owner\AppData\Local\Discord\app-1.0.9006\lib\net45\app.ico to C:\Users\Owner\AppData\Local\Discord\app-1.0.9006\app.ico
18916> 2022-10-19 22:29:47> ApplyReleasesImpl: Moving file C:\Users\Owner\AppData\Local\Discord\app-1.0.9006\lib\net45\Discord.exe to C:\Users\Owner\AppData\Local\Discord\app-1.0.9006\Discord.exe
18916> 2022-10-19 22:29:47> ApplyReleasesImpl: Moving file C:\Users\Owner\AppData\Local\Discord\app-1.0.9006\lib\net45\ffmpeg.dll to C:\Users\Owner\AppData\Local\Discord\app-1.0.9006\ffmpeg.dll
18916> 2022-10-19 22:29:47> ApplyReleasesImpl: Moving file C:\Users\Owner\AppData\Local\Discord\app-1.0.9006\lib\net45\icudtl.dat to C:\Users\Owner\AppData\Local\Discord\app-1.0.9006\icudtl.dat
18916> 2022-10-19 22:29:47> ApplyReleasesImpl: Moving file C:\Users\Owner\AppData\Local\Discord\app-1.0.9006\lib\net45\installer.db to C:\Users\Owner\AppData\Local\Discord\app-1.0.9006\installer.db
18916> 2022-10-19 22:29:47> ApplyReleasesImpl: Moving file C:\Users\Owner\AppData\Local\Discord\app-1.0.9006\lib\net45\libEGL.dll to C:\Users\Owner\AppData\Local\Discord\app-1.0.9006\libEGL.dll
18916> 2022-10-19 22:29:47> ApplyReleasesImpl: Moving file C:\Users\Owner\AppData\Local\Discord\app-1.0.9006\lib\net45\libGLESv2.dll to C:\Users\Owner\AppData\Local\Discord\app-1.0.9006\libGLESv2.dll
18916> 2022-10-19 22:29:47> ApplyReleasesImpl: Moving file C:\Users\Owner\AppData\Local\Discord\app-1.0.9006\lib\net45\resources.pak to C:\Users\Owner\AppData\Local\Discord\app-1.0.9006\resources.pak
18916> 2022-10-19 22:29:47> ApplyReleasesImpl: Moving file C:\Users\Owner\AppData\Local\Discord\app-1.0.9006\lib\net45\snapshot_blob.bin to C:\Users\Owner\AppData\Local\Discord\app-1.0.9006\snapshot_blob.bin
18916> 2022-10-19 22:29:47> ApplyReleasesImpl: Moving file C:\Users\Owner\AppData\Local\Discord\app-1.0.9006\lib\net45\updater.node to C:\Users\Owner\AppData\Local\Discord\app-1.0.9006\updater.node
18916> 2022-10-19 22:29:47> ApplyReleasesImpl: Moving file C:\Users\Owner\AppData\Local\Discord\app-1.0.9006\lib\net45\vk_swiftshader.dll to C:\Users\Owner\AppData\Local\Discord\app-1.0.9006\vk_swiftshader.dll
18916> 2022-10-19 22:29:47> ApplyReleasesImpl: Moving file C:\Users\Owner\AppData\Local\Discord\app-1.0.9006\lib\net45\vulkan-1.dll to C:\Users\Owner\AppData\Local\Discord\app-1.0.9006\vulkan-1.dll
18916> 2022-10-19 22:29:47> ApplyReleasesImpl: Moving file C:\Users\Owner\AppData\Local\Discord\app-1.0.9006\lib\net45\v8_context_snapshot.bin to C:\Users\Owner\AppData\Local\Discord\app-1.0.9006\v8_context_snapshot.bin
18916> 2022-10-19 22:29:47> ApplyReleasesImpl: Moving file C:\Users\Owner\AppData\Local\Discord\app-1.0.9006\lib\net45\vk_swiftshader_icd.json to C:\Users\Owner\AppData\Local\Discord\app-1.0.9006\vk_swiftshader_icd.json
18916> 2022-10-19 22:29:47> ApplyReleasesImpl: Squirrel Enabled Apps: [C:\Users\Owner\AppData\Local\Discord\app-1.0.9006\Discord.exe]
18916> 2022-10-19 22:29:50> Utility: Process Started: C:\Users\Owner\AppData\Local\Discord\app-1.0.9006\Discord.exe --squirrel-install 1.0.9006, pid 5460
18916> 2022-10-19 22:29:51> Utility: Received exitcode 0 from process C:\Users\Owner\AppData\Local\Discord\app-1.0.9006\Discord.exe
18916> 2022-10-19 22:29:51> ApplyReleasesImpl: ran C:\Users\Owner\AppData\Local\Discord\app-1.0.9006\Discord.exe, pid 17372
18916> 2022-10-19 22:29:51> ApplyReleasesImpl: Starting fixPinnedExecutables
18916> 2022-10-19 22:29:51> ApplyReleasesImpl: fixPinnedExecutables: newCurrentFolder: app-1.0.9006
18916> 2022-10-19 22:29:51> ApplyReleasesImpl: File 'C:\Users\Owner\AppData\Roaming\Microsoft\Windows\Start Menu\Programs\Accessibility\Narrator.lnk' could not be converted into a valid ShellLink: System.IO.FileNotFoundException: The system cannot find the file specified. (Exception from HRESULT: 0x80070002)
   at Squirrel.Shell.ShellLink.IShellLinkW.Resolve(IntPtr hWnd, UInt32 fFlags)
   at Squirrel.Shell.ShellLink.Open(String linkFile, IntPtr hWnd, EShellLinkResolveFlags resolveFlags, UInt16 timeOut)
   at Squirrel.UpdateManager.ApplyReleasesImpl.<fixPinnedExecutables>b__11_0(FileInfo file)
18916> 2022-10-19 22:29:51> ApplyReleasesImpl: File 'C:\Users\Owner\AppData\Roaming\Microsoft\Windows\Start Menu\Programs\Accessibility\On-Screen Keyboard.lnk' could not be converted into a valid ShellLink: System.IO.FileNotFoundException: The system cannot find the file specified. (Exception from HRESULT: 0x80070002)
   at Squirrel.Shell.ShellLink.IShellLinkW.Resolve(IntPtr hWnd, UInt32 fFlags)
   at Squirrel.Shell.ShellLink.Open(String linkFile, IntPtr hWnd, EShellLinkResolveFlags resolveFlags, UInt16 timeOut)
   at Squirrel.UpdateManager.ApplyReleasesImpl.<fixPinnedExecutables>b__11_0(FileInfo file)
18916> 2022-10-19 22:29:51> ApplyReleasesImpl: Updating shortcut C:\Users\Owner\AppData\Roaming\Microsoft\Windows\Start Menu\Programs\Discord Inc\Discord.lnk
18916> 2022-10-19 22:29:51> ApplyReleasesImpl: Updating shortcut C:\Users\Owner\Desktop\Discord.lnk
18916> 2022-10-19 22:29:51> ApplyReleasesImpl: Fixing up tray icons
18916> 2022-10-19 22:29:51> ApplyReleasesImpl: cleanDeadVersions: for version 1.0.9006
18916> 2022-10-19 22:29:51> ApplyReleasesImpl: cleanDeadVersions: exclude current version folder app-1.0.9006
6928> 2022-10-31 21:35:22> Program: Starting Squirrel Updater: --install .
6928> 2022-10-31 21:35:22> Program: Starting install, writing to C:\Users\Owner\AppData\Local\SquirrelTemp
6928> 2022-10-31 21:35:22> Program: About to install to: C:\Users\Owner\AppData\Local\Discord
6928> 2022-10-31 21:35:22> Program: Install path C:\Users\Owner\AppData\Local\Discord already exists, burning it to the ground
6928> 2022-10-31 21:35:22> IEnableLogger: Failed to remove existing directory on full install, is the app still running???: System.IO.IOException: Access to the path 'C:\Users\Owner\AppData\Local\Discord' is denied.
   at System.IO.Directory.InternalMove(String sourceDirName, String destDirName, Boolean checkHost)
   at Squirrel.Utility.<DeleteDirectory>d__22.MoveNext()
--- End of stack trace from previous location where exception was thrown ---
   at System.Runtime.CompilerServices.TaskAwaiter.ThrowForNonSuccess(Task task)
   at System.Runtime.CompilerServices.TaskAwaiter.HandleNonSuccessAndDebuggerNotification(Task task)
   at Squirrel.Utility.<LogIfThrows>d__37.MoveNext()
6928> 2022-10-31 21:35:22> Unhandled exception: System.AggregateException: One or more errors occurred. ---> System.IO.IOException: Access to the path 'C:\Users\Owner\AppData\Local\Discord' is denied.
   at System.IO.Directory.InternalMove(String sourceDirName, String destDirName, Boolean checkHost)
   at Squirrel.Utility.<DeleteDirectory>d__22.MoveNext()
--- End of stack trace from previous location where exception was thrown ---
   at System.Runtime.CompilerServices.TaskAwaiter.ThrowForNonSuccess(Task task)
   at System.Runtime.CompilerServices.TaskAwaiter.HandleNonSuccessAndDebuggerNotification(Task task)
   at Squirrel.Utility.<LogIfThrows>d__37.MoveNext()
--- End of stack trace from previous location where exception was thrown ---
   at System.Runtime.CompilerServices.TaskAwaiter.ThrowForNonSuccess(Task task)
   at System.Runtime.CompilerServices.TaskAwaiter.HandleNonSuccessAndDebuggerNotification(Task task)
   at Squirrel.Update.Program.<Install>d__5.MoveNext()
   --- End of inner exception stack trace ---
   at System.Threading.Tasks.Task.ThrowIfExceptional(Boolean includeTaskCanceledExceptions)
   at System.Threading.Tasks.Task.Wait(Int32 millisecondsTimeout, CancellationToken cancellationToken)
   at System.Threading.Tasks.Task.Wait()
   at Squirrel.Update.Program.executeCommandLine(String[] args)
   at Squirrel.Update.Program.main(String[] args)
---> (Inner Exception #0) System.IO.IOException: Access to the path 'C:\Users\Owner\AppData\Local\Discord' is denied.
   at System.IO.Directory.InternalMove(String sourceDirName, String destDirName, Boolean checkHost)
   at Squirrel.Utility.<DeleteDirectory>d__22.MoveNext()
--- End of stack trace from previous location where exception was thrown ---
   at System.Runtime.CompilerServices.TaskAwaiter.ThrowForNonSuccess(Task task)
   at System.Runtime.CompilerServices.TaskAwaiter.HandleNonSuccessAndDebuggerNotification(Task task)
   at Squirrel.Utility.<LogIfThrows>d__37.MoveNext()
--- End of stack trace from previous location where exception was thrown ---
   at System.Runtime.CompilerServices.TaskAwaiter.ThrowForNonSuccess(Task task)
   at System.Runtime.CompilerServices.TaskAwaiter.HandleNonSuccessAndDebuggerNotification(Task task)
   at Squirrel.Update.Program.<Install>d__5.MoveNext()<---

13528> 2022-11-05 17:45:55> Program: Starting Squirrel Updater: --install .
13528> 2022-11-05 17:45:55> Program: Starting install, writing to C:\Users\Owner\AppData\Local\SquirrelTemp
13528> 2022-11-05 17:45:55> Program: About to install to: C:\Users\Owner\AppData\Local\Discord
13528> 2022-11-05 17:45:55> Program: Install path C:\Users\Owner\AppData\Local\Discord already exists, burning it to the ground
13528> 2022-11-05 17:45:55> IEnableLogger: Failed to remove existing directory on full install, is the app still running???: System.IO.IOException: Access to the path 'C:\Users\Owner\AppData\Local\Discord' is denied.
   at System.IO.Directory.InternalMove(String sourceDirName, String destDirName, Boolean checkHost)
   at Squirrel.Utility.<DeleteDirectory>d__22.MoveNext()
--- End of stack trace from previous location where exception was thrown ---
   at System.Runtime.CompilerServices.TaskAwaiter.ThrowForNonSuccess(Task task)
   at System.Runtime.CompilerServices.TaskAwaiter.HandleNonSuccessAndDebuggerNotification(Task task)
   at Squirrel.Utility.<LogIfThrows>d__37.MoveNext()
13528> 2022-11-05 17:45:55> Unhandled exception: System.AggregateException: One or more errors occurred. ---> System.IO.IOException: Access to the path 'C:\Users\Owner\AppData\Local\Discord' is denied.
   at System.IO.Directory.InternalMove(String sourceDirName, String destDirName, Boolean checkHost)
   at Squirrel.Utility.<DeleteDirectory>d__22.MoveNext()
--- End of stack trace from previous location where exception was thrown ---
   at System.Runtime.CompilerServices.TaskAwaiter.ThrowForNonSuccess(Task task)
   at System.Runtime.CompilerServices.TaskAwaiter.HandleNonSuccessAndDebuggerNotification(Task task)
   at Squirrel.Utility.<LogIfThrows>d__37.MoveNext()
--- End of stack trace from previous location where exception was thrown ---
   at System.Runtime.CompilerServices.TaskAwaiter.ThrowForNonSuccess(Task task)
   at System.Runtime.CompilerServices.TaskAwaiter.HandleNonSuccessAndDebuggerNotification(Task task)
   at Squirrel.Update.Program.<Install>d__5.MoveNext()
   --- End of inner exception stack trace ---
   at System.Threading.Tasks.Task.ThrowIfExceptional(Boolean includeTaskCanceledExceptions)
   at System.Threading.Tasks.Task.Wait(Int32 millisecondsTimeout, CancellationToken cancellationToken)
   at System.Threading.Tasks.Task.Wait()
   at Squirrel.Update.Program.executeCommandLine(String[] args)
   at Squirrel.Update.Program.main(String[] args)
---> (Inner Exception #0) System.IO.IOException: Access to the path 'C:\Users\Owner\AppData\Local\Discord' is denied.
   at System.IO.Directory.InternalMove(String sourceDirName, String destDirName, Boolean checkHost)
   at Squirrel.Utility.<DeleteDirectory>d__22.MoveNext()
--- End of stack trace from previous location where exception was thrown ---
   at System.Runtime.CompilerServices.TaskAwaiter.ThrowForNonSuccess(Task task)
   at System.Runtime.CompilerServices.TaskAwaiter.HandleNonSuccessAndDebuggerNotification(Task task)
   at Squirrel.Utility.<LogIfThrows>d__37.MoveNext()
--- End of stack trace from previous location where exception was thrown ---
   at System.Runtime.CompilerServices.TaskAwaiter.ThrowForNonSuccess(Task task)
   at System.Runtime.CompilerServices.TaskAwaiter.HandleNonSuccessAndDebuggerNotification(Task task)
   at Squirrel.Update.Program.<Install>d__5.MoveNext()<---

